Using pre-set license

 COMMAND LINE ARGUMENTS:
/Applications/Unity/Hub/Editor/2020.3.5f1/Unity.app/Contents/MacOS/Unity
-adb2
-batchMode
-noUpm
-name
AssetImportWorker0
-projectPath
/Users/elifcelik/terrainProject
-logFile
Logs/AssetImportWorker0.log
-srvPort
56633
Successfully changed project path to: /Users/elifcelik/terrainProject
/Users/elifcelik/terrainProject
Using Asset Import Pipeline V2.
Refreshing native plugins compatible for Editor in 35.14 ms, found 1 plugins.
Preloading 0 native plugins for Editor in 0.00 ms.
Initialize engine version: 2020.3.5f1 (8095aa901b9b)
[Subsystems] Discovering subsystems at path /Applications/Unity/Hub/Editor/2020.3.5f1/Unity.app/Contents/Resources/UnitySubsystems
[Subsystems] Discovering subsystems at path /Users/elifcelik/terrainProject/Assets
GfxDevice: creating device client; threaded=0
2021-05-10 16:07:19.788 Unity[7080:404369] VG2448 preferred device: Intel(R) Iris(TM) Plus Graphics 640 (low power)
2021-05-10 16:07:19.788 Unity[7080:404369] Metal devices available: 1
2021-05-10 16:07:19.788 Unity[7080:404369] 0: Intel(R) Iris(TM) Plus Graphics 640 (low power)
2021-05-10 16:07:19.789 Unity[7080:404369] Using device Intel(R) Iris(TM) Plus Graphics 640 (low power)
Initializing Metal device caps: Intel(R) Iris(TM) Plus Graphics 640
Initialize mono
Mono path[0] = '/Applications/Unity/Hub/Editor/2020.3.5f1/Unity.app/Contents/Managed'
Mono path[1] = '/Applications/Unity/Hub/Editor/2020.3.5f1/Unity.app/Contents/MonoBleedingEdge/lib/mono/unityjit'
Mono config path = '/Applications/Unity/Hub/Editor/2020.3.5f1/Unity.app/Contents/MonoBleedingEdge/etc'
Using monoOptions --debugger-agent=transport=dt_socket,embedding=1,server=y,suspend=n,address=127.0.0.1:56080
Begin MonoManager ReloadAssembly
Registering precompiled unity dll's ...
Register platform support module: /Applications/Unity/Hub/Editor/2020.3.5f1/PlaybackEngines/WebGLSupport/UnityEditor.WebGL.Extensions.dll
Register platform support module: /Applications/Unity/Hub/Editor/2020.3.5f1/Unity.app/Contents/PlaybackEngines/MacStandaloneSupport/UnityEditor.OSXStandalone.Extensions.dll
Registered in 0.004230 seconds.
Native extension for OSXStandalone target not found
Native extension for WebGL target not found
Refreshing native plugins compatible for Editor in 30.90 ms, found 1 plugins.
Preloading 0 native plugins for Editor in 0.00 ms.
Mono: successfully reloaded assembly
- Completed reload, in  2.213 seconds
Platform modules already initialized, skipping
Registering precompiled user dll's ...
Registered in 0.000859 seconds.
Begin MonoManager ReloadAssembly
Native extension for OSXStandalone target not found
Native extension for WebGL target not found
Refreshing native plugins compatible for Editor in 28.32 ms, found 1 plugins.
Preloading 0 native plugins for Editor in 0.00 ms.
Mono: successfully reloaded assembly
- Completed reload, in  1.377 seconds
Platform modules already initialized, skipping
========================================================================
Worker process is ready to serve import requests
Launching external process: /Applications/Unity/Hub/Editor/2020.3.5f1/Unity.app/Contents/Tools/UnityShaderCompiler
Launched and connected shader compiler UnityShaderCompiler after 0.01 seconds
Refreshing native plugins compatible for Editor in 0.34 ms, found 1 plugins.
Preloading 0 native plugins for Editor in 0.00 ms.
Unloading 1317 Unused Serialized files (Serialized files now loaded: 0)
System memory in use before: 165.8 MB.
System memory in use after: 165.6 MB.

Unloading 23 unused Assets to reduce memory usage. Loaded Objects now: 1785.
Total: 3.386670 ms (FindLiveObjects: 0.410790 ms CreateObjectMapping: 0.095827 ms MarkObjects: 2.580224 ms  DeleteObjects: 0.297308 ms)

========================================================================
Received Import Request.
  path: Assets/groun2.terrainlayer
  artifactKey: Guid(16c04b823b431494783bc72034c6e688) Importer(815301076,1909f56bfc062723c751e8b465ee728b)
Start importing Assets/groun2.terrainlayer using Guid(16c04b823b431494783bc72034c6e688) Importer(815301076,1909f56bfc062723c751e8b465ee728b)  -> (artifact id: '386b7cf9200c95e5a9da4921a898d7a5') in 0.993319 seconds
  Import took 0.997867 seconds .

========================================================================
Received Import Request.
  Time since last request: 0.000263 seconds.
  path: Assets/New Terrain 2.asset
  artifactKey: Guid(e381da64677e24358b7e0848bb977624) Importer(815301076,1909f56bfc062723c751e8b465ee728b)
Start importing Assets/New Terrain 2.asset using Guid(e381da64677e24358b7e0848bb977624) Importer(815301076,1909f56bfc062723c751e8b465ee728b)  -> (artifact id: '69d83d67d38a9871aa496e26c386b97c') in 0.426084 seconds
  Import took 0.429645 seconds .

========================================================================
Received Import Request.
  Time since last request: 0.000245 seconds.
  path: Assets/ground.terrainlayer
  artifactKey: Guid(8b59f7dfc32894727bd216df736515b4) Importer(815301076,1909f56bfc062723c751e8b465ee728b)
Start importing Assets/ground.terrainlayer using Guid(8b59f7dfc32894727bd216df736515b4) Importer(815301076,1909f56bfc062723c751e8b465ee728b)  -> (artifact id: '343b33c5e003bb62f6847ae1d9fad2f9') in 0.022996 seconds
  Import took 0.025457 seconds .

========================================================================
Received Import Request.
  Time since last request: 0.000235 seconds.
  path: Assets/New Terrain 1.asset
  artifactKey: Guid(561ccb79c91774c2db06ee34d18eaddf) Importer(815301076,1909f56bfc062723c751e8b465ee728b)
Start importing Assets/New Terrain 1.asset using Guid(561ccb79c91774c2db06ee34d18eaddf) Importer(815301076,1909f56bfc062723c751e8b465ee728b)  -> (artifact id: '386b622ac43711785f0127882473b171') in 0.018236 seconds
  Import took 0.020939 seconds .

========================================================================
Received Import Request.
  Time since last request: 0.003049 seconds.
  path: Assets/ground.terrainlayer
  artifactKey: Guid(8b59f7dfc32894727bd216df736515b4) Importer(815301076,1909f56bfc062723c751e8b465ee728b)
Start importing Assets/ground.terrainlayer using Guid(8b59f7dfc32894727bd216df736515b4) Importer(815301076,1909f56bfc062723c751e8b465ee728b)  -> (artifact id: '343b33c5e003bb62f6847ae1d9fad2f9') in 0.044399 seconds
  Import took 0.047925 seconds .

========================================================================
Received Import Request.
  Time since last request: 1161.218685 seconds.
  path: Assets/Samples/Terrain Tools/0.1.0-preview/Terrain Assets/TerrainLayers/moss.terrainlayer
  artifactKey: Guid(56b2820651de357459e8d89d2b4f3f05) Importer(815301076,1909f56bfc062723c751e8b465ee728b)
Start importing Assets/Samples/Terrain Tools/0.1.0-preview/Terrain Assets/TerrainLayers/moss.terrainlayer using Guid(56b2820651de357459e8d89d2b4f3f05) Importer(815301076,1909f56bfc062723c751e8b465ee728b)  -> (artifact id: 'a229648c56ccd1d18e4529453004887a') in 0.039296 seconds
  Import took 0.042576 seconds .

========================================================================
Received Import Request.
  Time since last request: 0.000215 seconds.
  path: Assets/Samples/Terrain Tools/0.1.0-preview/Terrain Assets/TerrainLayers/scree.terrainlayer
  artifactKey: Guid(6a3097ee6a39c594e8c63dae726b2278) Importer(815301076,1909f56bfc062723c751e8b465ee728b)
Start importing Assets/Samples/Terrain Tools/0.1.0-preview/Terrain Assets/TerrainLayers/scree.terrainlayer using Guid(6a3097ee6a39c594e8c63dae726b2278) Importer(815301076,1909f56bfc062723c751e8b465ee728b)  -> (artifact id: '5c3829f253289f9350a37cb48c2c391d') in 0.031687 seconds
  Import took 0.034158 seconds .

